\BOOKMARK [0][-]{chapter.1}{\376\377\000\334\000b\000e\000r\000s\000c\000h\000r\000i\000f\000t\000\040\000a\000u\000f\000\040\000E\000b\000e\000n\000e\000\040\0000\000\040\000\050\000c\000h\000a\000p\000t\000e\000r\000\051}{}% 1
\BOOKMARK [1][-]{section.1.1}{\376\377\000\334\000b\000e\000r\000s\000c\000h\000r\000i\000f\000t\000\040\000a\000u\000f\000\040\000E\000b\000e\000n\000e\000\040\0001\000\040\000\050\000s\000e\000c\000t\000i\000o\000n\000\051}{chapter.1}% 2
\BOOKMARK [2][-]{subsection.1.1.1}{\376\377\000\334\000b\000e\000r\000s\000c\000h\000r\000i\000f\000t\000\040\000a\000u\000f\000\040\000E\000b\000e\000n\000e\000\040\0002\000\040\000\050\000s\000u\000b\000s\000e\000c\000t\000i\000o\000n\000\051}{section.1.1}% 3
\BOOKMARK [1][-]{section.1.2}{\376\377\000L\000i\000s\000t\000e\000n}{chapter.1}% 4
\BOOKMARK [2][-]{subsection.1.2.1}{\376\377\000B\000e\000i\000s\000p\000i\000e\000l\000\040\000e\000i\000n\000e\000r\000\040\000L\000i\000s\000t\000e\000\040\000\050\000i\000t\000e\000m\000i\000z\000e\000\051}{section.1.2}% 5
\BOOKMARK [2][-]{subsection.1.2.2}{\376\377\000B\000e\000i\000s\000p\000i\000e\000l\000\040\000e\000i\000n\000e\000r\000\040\000L\000i\000s\000t\000e\000\040\000\050\000e\000n\000u\000m\000e\000r\000a\000t\000e\000\051}{section.1.2}% 6
\BOOKMARK [2][-]{subsection.1.2.3}{\376\377\000B\000e\000i\000s\000p\000i\000e\000l\000\040\000e\000i\000n\000e\000r\000\040\000L\000i\000s\000t\000e\000\040\000\050\000d\000e\000s\000c\000r\000i\000p\000t\000i\000o\000n\000\051}{section.1.2}% 7
\BOOKMARK [0][-]{chapter.2}{\376\377\000M\000a\000t\000h\000e\000m\000o\000d\000u\000s}{}% 8
\BOOKMARK [0][-]{chapter.3}{\376\377\000B\000i\000B\000\040\000\046\000\040\000A\000c\000r\000o\000n\000y\000m\000e}{}% 9
\BOOKMARK [0][-]{chapter.4}{\376\377\000B\000i\000l\000d\000e\000r}{}% 10
\BOOKMARK [1][-]{section.4.1}{\376\377\000S\000p\000e\000z\000i\000a\000l}{chapter.4}% 11
\BOOKMARK [0][-]{chapter.5}{\376\377\000T\000a\000b\000e\000l\000l\000e\000n}{}% 12
\BOOKMARK [0][-]{chapter.6}{\376\377\000L\000i\000s\000t\000i\000n\000g}{}% 13
\BOOKMARK [0][-]{section*.11}{\376\377\000A\000n\000h\000a\000n\000g}{}% 14
\BOOKMARK [0][-]{appendix.A}{\376\377\000\334\000b\000e\000r\000s\000c\000h\000r\000i\000f\000t\000\040\000a\000u\000f\000\040\000E\000b\000e\000n\000e\000\040\0000\000\040\000\050\000c\000h\000a\000p\000t\000e\000r\000\051}{}% 15
\BOOKMARK [1][-]{appendix.A.1}{\376\377\000\334\000b\000e\000r\000s\000c\000h\000r\000i\000f\000t\000\040\000a\000u\000f\000\040\000E\000b\000e\000n\000e\000\040\0001\000\040\000\050\000s\000e\000c\000t\000i\000o\000n\000\051}{appendix.A}% 16
\BOOKMARK [2][-]{appendix.A.1.1}{\376\377\000\334\000b\000e\000r\000s\000c\000h\000r\000i\000f\000t\000\040\000a\000u\000f\000\040\000E\000b\000e\000n\000e\000\040\0002\000\040\000\050\000s\000u\000b\000s\000e\000c\000t\000i\000o\000n\000\051}{appendix.A.1}% 17
\BOOKMARK [1][-]{appendix.A.2}{\376\377\000L\000i\000s\000t\000e\000n}{appendix.A}% 18
\BOOKMARK [2][-]{appendix.A.2.1}{\376\377\000B\000e\000i\000s\000p\000i\000e\000l\000\040\000e\000i\000n\000e\000r\000\040\000L\000i\000s\000t\000e\000\040\000\050\000i\000t\000e\000m\000i\000z\000e\000\051}{appendix.A.2}% 19
\BOOKMARK [2][-]{appendix.A.2.2}{\376\377\000B\000e\000i\000s\000p\000i\000e\000l\000\040\000e\000i\000n\000e\000r\000\040\000L\000i\000s\000t\000e\000\040\000\050\000e\000n\000u\000m\000e\000r\000a\000t\000e\000\051}{appendix.A.2}% 20
\BOOKMARK [2][-]{appendix.A.2.3}{\376\377\000B\000e\000i\000s\000p\000i\000e\000l\000\040\000e\000i\000n\000e\000r\000\040\000L\000i\000s\000t\000e\000\040\000\050\000d\000e\000s\000c\000r\000i\000p\000t\000i\000o\000n\000\051}{appendix.A.2}% 21
\BOOKMARK [0][-]{appendix.B}{\376\377\000\334\000b\000e\000r\000s\000c\000h\000r\000i\000f\000t\000\040\000a\000u\000f\000\040\000E\000b\000e\000n\000e\000\040\0000\000\040\000\050\000c\000h\000a\000p\000t\000e\000r\000\051}{}% 22
\BOOKMARK [1][-]{appendix.B.1}{\376\377\000\334\000b\000e\000r\000s\000c\000h\000r\000i\000f\000t\000\040\000a\000u\000f\000\040\000E\000b\000e\000n\000e\000\040\0001\000\040\000\050\000s\000e\000c\000t\000i\000o\000n\000\051}{appendix.B}% 23
\BOOKMARK [2][-]{appendix.B.1.1}{\376\377\000\334\000b\000e\000r\000s\000c\000h\000r\000i\000f\000t\000\040\000a\000u\000f\000\040\000E\000b\000e\000n\000e\000\040\0002\000\040\000\050\000s\000u\000b\000s\000e\000c\000t\000i\000o\000n\000\051}{appendix.B.1}% 24
\BOOKMARK [1][-]{appendix.B.2}{\376\377\000L\000i\000s\000t\000e\000n}{appendix.B}% 25
\BOOKMARK [2][-]{appendix.B.2.1}{\376\377\000B\000e\000i\000s\000p\000i\000e\000l\000\040\000e\000i\000n\000e\000r\000\040\000L\000i\000s\000t\000e\000\040\000\050\000i\000t\000e\000m\000i\000z\000e\000\051}{appendix.B.2}% 26
\BOOKMARK [2][-]{appendix.B.2.2}{\376\377\000B\000e\000i\000s\000p\000i\000e\000l\000\040\000e\000i\000n\000e\000r\000\040\000L\000i\000s\000t\000e\000\040\000\050\000e\000n\000u\000m\000e\000r\000a\000t\000e\000\051}{appendix.B.2}% 27
\BOOKMARK [2][-]{appendix.B.2.3}{\376\377\000B\000e\000i\000s\000p\000i\000e\000l\000\040\000e\000i\000n\000e\000r\000\040\000L\000i\000s\000t\000e\000\040\000\050\000d\000e\000s\000c\000r\000i\000p\000t\000i\000o\000n\000\051}{appendix.B.2}% 28
